  Bank.cpp
C:\Users\User A\Desktop\App1\Newc1\Newc1\Bank.h(1,1): warning C4819: 현재 코드 페이지(949)에서 표시할 수 없는 문자가 파일에 들어 있습니다. 데이터가 손실되지 않게 하려면 해당 파일을 유니코드 형식으로 저장하십시오.
  Camera.cpp
  Component.cpp
  Computer.cpp
C:\Users\User A\Desktop\App1\Newc1\Newc1\Computer.cpp(1,1): warning C4819: 현재 코드 페이지(949)에서 표시할 수 없는 문자가 파일에 들어 있습니다. 데이터가 손실되지 않게 하려면 해당 파일을 유니코드 형식으로 저장하십시오.
  Firebet.cpp
  Ghost.cpp
  Goliath.cpp
  Inputkey.cpp
C:\Users\User A\Desktop\App1\Newc1\Newc1\Inputkey.cpp(1,1): warning C4819: 현재 코드 페이지(949)에서 표시할 수 없는 문자가 파일에 들어 있습니다. 데이터가 손실되지 않게 하려면 해당 파일을 유니코드 형식으로 저장하십시오.
C:\Users\User A\Desktop\App1\Newc1\Newc1\Inputkey.cpp(66,21): warning C4838: 'int'에서 'SHORT'(으)로의 변환에는 축소 변환이 필요합니다.
C:\Users\User A\Desktop\App1\Newc1\Newc1\Inputkey.cpp(66,24): warning C4838: 'int'에서 'SHORT'(으)로의 변환에는 축소 변환이 필요합니다.
  Inventory.cpp
  Item1.cpp
  Keyboard.cpp
  LinkedList.cpp
  Marine.cpp
  Mechanics.cpp
  Mouse.cpp
  Newc1.cpp
C:\Users\User A\Desktop\App1\Newc1\Newc1\Newc1.cpp(1,1): warning C4819: 현재 코드 페이지(949)에서 표시할 수 없는 문자가 파일에 들어 있습니다. 데이터가 손실되지 않게 하려면 해당 파일을 유니코드 형식으로 저장하십시오.
C:\Program Files (x86)\Windows Kits\10\Include\10.0.22000.0\um\winnt.h(169,1): fatal  error C1189: #error:  "No Target Architecture"
  Player1.cpp
  SiegeTank.cpp
  Unit.cpp
  Vulture.cpp
  코드를 생성하고 있습니다...
